<?xml version="1.0" encoding="UTF-8"?>
<testsuite xmlns:xsi="http://www.w3.org/2001/XMLSchema-instance" xsi:noNamespaceSchemaLocation="https://maven.apache.org/surefire/maven-surefire-plugin/xsd/surefire-test-report.xsd" name="CalculatorTest" time="0.059" tests="20" errors="0" skipped="0" failures="0">
  <properties>
[...]
</properties>
  <testcase name="testWydajnosc" classname="CalculatorTest" time="0.043"/>
  <testcase name="testSumyZZero" classname="CalculatorTest" time="0"/>
  <testcase name="testLiczbyNiePiersze" classname="CalculatorTest" time="0.002"/>
  <testcase name="testZero" classname="CalculatorTest" time="0"/>
  <testcase name="testLiczbaParzysta" classname="CalculatorTest" time="0"/>
  <testcase name="testSumyDwochLiczbUjemnych" classname="CalculatorTest" time="0"/>
  <testcase name="testDuzeLiczby" classname="CalculatorTest" time="0"/>
  <testcase name="testLiczbaNieparzysta" classname="CalculatorTest" time="0"/>
  <testcase name="testLiczbyUjemne" classname="CalculatorTest" time="0.002"/>
  <testcase name="testDuzeLiczbyPiersze" classname="CalculatorTest" time="0"/>
  <testcase name="testDuzaLiczba" classname="CalculatorTest" time="0"/>
  <testcase name="testMaleLiczby" classname="CalculatorTest" time="0"/>
  <testcase name="testLiczbyPiersze" classname="CalculatorTest" time="0"/>
  <testcase name="testDuzaTemperatura" classname="CalculatorTest" time="0.001"/>
  <testcase name="testStandardowaTemperatura" classname="CalculatorTest" time="0.001"/>
  <testcase name="testTemperaturaUjemna" classname="CalculatorTest" time="0"/>
  <testcase name="testSumyLiczbyDodatniejIUjemnej" classname="CalculatorTest" time="0.001"/>
  <testcase name="testTemperaturaZero" classname="CalculatorTest" time="0"/>
  <testcase name="testLiczbyMniejszeNiz2" classname="CalculatorTest" time="0"/>
  <testcase name="testSumyDwochLiczbDodatnich" classname="CalculatorTest" time="0"/>
</testsuite>